<?xml version="1.0" encoding="UTF-8"?>
<!-- Generated by org.testng.reporters.JUnitReportReporter -->
<testsuite hostname="MrSingh-PC" name="testcase.findingduplicates" tests="1" failures="0" timestamp="28 Mar 2017 09:11:08 GMT" time="1.095" errors="0">
  <testcase name="test2" time="1.095" classname="testcase.findingduplicates"/>
</testsuite> <!-- testcase.findingduplicates -->
